<?xml version="1.0" encoding="UTF-8"?>
<!-- Generated by org.testng.reporters.JUnitReportReporter -->
<testsuite hostname="P870DM3" name="cucumberOptions.TestRunner" tests="1" failures="0" timestamp="14 Aug 2019 00:40:59 GMT" time="51.994" errors="0">
  <testcase name="feature" time="51.994" classname="cucumberOptions.TestRunner"/>
</testsuite> <!-- cucumberOptions.TestRunner -->
