<?xml version="1.0" encoding="UTF-8"?>
<!-- Generated by org.testng.reporters.JUnitReportReporter -->
<testsuite hostname="P870DM3" name="e2EProject.HomePage" tests="2" failures="0" timestamp="30 Jul 2019 21:45:05 GMT" time="28.705" errors="0">
  <testcase name="basePageNavigation" time="14.368" classname="e2EProject.HomePage"/>
  <testcase name="basePageNavigation" time="14.337" classname="e2EProject.HomePage"/>
</testsuite> <!-- e2EProject.HomePage -->
