<?xml version="1.0" encoding="UTF-8"?>
<!-- Generated by org.testng.reporters.JUnitReportReporter -->
<testsuite skipped="0" hostname="P870DM3" name="e2EProject.HomePage" tests="2" failures="0" timestamp="06 Aug 2019 17:12:38 GMT" time="29.206" errors="0">
  <testcase name="basePageLogin" time="14.900" classname="e2EProject.HomePage"/>
  <testcase name="basePageLogin" time="14.306" classname="e2EProject.HomePage"/>
</testsuite> <!-- e2EProject.HomePage -->
