<?xml version="1.0" encoding="UTF-8"?>
<!-- Generated by org.testng.reporters.JUnitReportReporter -->
<testsuite skipped="0" hostname="P870DM3" name="cucumberOptions.TestRunner" tests="1" failures="0" timestamp="14 Aug 2019 00:51:06 GMT" time="67.038" errors="0">
  <testcase name="feature" time="67.038" classname="cucumberOptions.TestRunner"/>
</testsuite> <!-- cucumberOptions.TestRunner -->
